[debug] [2023-04-01T12:57:12.234Z] ----------------------------------------------------------------------
[debug] [2023-04-01T12:57:12.238Z] Command:       C:\Program Files\nodejs\node.exe C:\Users\maury\AppData\Roaming\npm\node_modules\firebase-tools\lib\bin\firebase.js init
[debug] [2023-04-01T12:57:12.239Z] CLI Version:   11.25.2
[debug] [2023-04-01T12:57:12.239Z] Platform:      win32
[debug] [2023-04-01T12:57:12.239Z] Node Version:  v18.15.0
[debug] [2023-04-01T12:57:12.240Z] Time:          Sat Apr 01 2023 18:27:12 GMT+0530 (India Standard Time)
[debug] [2023-04-01T12:57:12.241Z] ----------------------------------------------------------------------
[debug] 
[debug] [2023-04-01T12:57:12.248Z] >>> [apiv2][query] GET https://firebase-public.firebaseio.com/cli.json [none]
[debug] [2023-04-01T12:57:12.345Z] > command requires scopes: ["email","openid","https://www.googleapis.com/auth/cloudplatformprojects.readonly","https://www.googleapis.com/auth/firebase","https://www.googleapis.com/auth/cloud-platform"]
[debug] [2023-04-01T12:57:12.345Z] > authorizing via signed-in user (mauryasunil1305@gmail.com)
[info] 
     ######## #### ########  ######## ########     ###     ######  ########
     ##        ##  ##     ## ##       ##     ##  ##   ##  ##       ##
     ######    ##  ########  ######   ########  #########  ######  ######
     ##        ##  ##    ##  ##       ##     ## ##     ##       ## ##
     ##       #### ##     ## ######## ########  ##     ##  ######  ########

You're about to initialize a Firebase project in this directory:

  C:\Users\maury\OneDrive\Desktop\node-project\firebase

[debug] [2023-04-01T12:57:13.025Z] <<< [apiv2][status] GET https://firebase-public.firebaseio.com/cli.json 200
[debug] [2023-04-01T12:57:13.026Z] <<< [apiv2][body] GET https://firebase-public.firebaseio.com/cli.json {"cloudBuildErrorAfter":1594252800000,"cloudBuildWarnAfter":1590019200000,"defaultNode10After":1594252800000,"minVersion":"3.0.5","node8DeploysDisabledAfter":1613390400000,"node8RuntimeDisabledAfter":1615809600000,"node8WarnAfter":1600128000000}
[info] 
=== Project Setup
[info] 
[info] First, let's associate this project directory with a Firebase project.
[info] You can create multiple project aliases by running firebase use --add, 
[info] but for now we'll just set up a default project.
[info] 
[debug] [2023-04-01T12:57:45.107Z] > refreshing access token with scopes: []
[debug] [2023-04-01T12:57:45.112Z] >>> [apiv2][query] POST https://www.googleapis.com/oauth2/v3/token [none]
[debug] [2023-04-01T12:57:45.112Z] >>> [apiv2][body] POST https://www.googleapis.com/oauth2/v3/token [omitted]
[debug] [2023-04-01T12:57:45.339Z] <<< [apiv2][status] POST https://www.googleapis.com/oauth2/v3/token 200
[debug] [2023-04-01T12:57:45.340Z] <<< [apiv2][body] POST https://www.googleapis.com/oauth2/v3/token [omitted]
[debug] [2023-04-01T12:57:45.357Z] >>> [apiv2][query] GET https://firebase.googleapis.com/v1beta1/projects pageSize=100
[debug] [2023-04-01T12:57:46.499Z] <<< [apiv2][status] GET https://firebase.googleapis.com/v1beta1/projects 200
[debug] [2023-04-01T12:57:46.500Z] <<< [apiv2][body] GET https://firebase.googleapis.com/v1beta1/projects [omitted]
[info] i  Using project myfirebase-a6556 (myfirebase) 
[info] 
=== Hosting Setup
[info] 
[info] Your public directory is the folder (relative to your project directory) that
[info] will contain Hosting assets to be uploaded with firebase deploy. If you
[info] have a build process for your assets, use your build's output directory.
[info] 
